Using pre-set license

 COMMAND LINE ARGUMENTS:
/Applications/Unity/Unity.app/Contents/MacOS/Unity
-adb2
-batchMode
-noUpm
-name
AssetImportWorker0
-projectPath
/Users/dweinflash/Documents/UCSB/AR/ARCookingHelper
-logFile
Logs/AssetImportWorker0.log
-srvPort
49997
Successfully changed project path to: /Users/dweinflash/Documents/UCSB/AR/ARCookingHelper
/Users/dweinflash/Documents/UCSB/AR/ARCookingHelper
Using Asset Import Pipeline V2.
Refreshing native plugins compatible for Editor in 39.61 ms, found 1 plugins.
Preloading 0 native plugins for Editor in 0.00 ms.
Initialize engine version: 2020.3.6f1 (338bb68529b2)
[Subsystems] Discovering subsystems at path /Applications/Unity/Unity.app/Contents/Resources/UnitySubsystems
[Subsystems] Discovering subsystems at path /Users/dweinflash/Documents/UCSB/AR/ARCookingHelper/Assets
GfxDevice: creating device client; threaded=0
2021-05-09 14:31:15.038 Unity[48626:671114] Color LCD preferred device: Intel(R) Iris(TM) Plus Graphics 655 (low power)
2021-05-09 14:31:15.038 Unity[48626:671114] Metal devices available: 1
2021-05-09 14:31:15.038 Unity[48626:671114] 0: Intel(R) Iris(TM) Plus Graphics 655 (low power)
2021-05-09 14:31:15.039 Unity[48626:671114] Using device Intel(R) Iris(TM) Plus Graphics 655 (low power)
Initializing Metal device caps: Intel(R) Iris(TM) Plus Graphics 655
Initialize mono
Mono path[0] = '/Applications/Unity/Unity.app/Contents/Managed'
Mono path[1] = '/Applications/Unity/Unity.app/Contents/MonoBleedingEdge/lib/mono/unityjit'
Mono config path = '/Applications/Unity/Unity.app/Contents/MonoBleedingEdge/etc'
Using monoOptions --debugger-agent=transport=dt_socket,embedding=1,server=y,suspend=n,address=127.0.0.1:56626
Begin MonoManager ReloadAssembly
Registering precompiled unity dll's ...
Register platform support module: /Applications/Unity/Unity.app/Contents/PlaybackEngines/MacStandaloneSupport/UnityEditor.OSXStandalone.Extensions.dll
Registered in 0.001290 seconds.
Native extension for OSXStandalone target not found
Refreshing native plugins compatible for Editor in 37.24 ms, found 1 plugins.
Preloading 0 native plugins for Editor in 0.00 ms.
Mono: successfully reloaded assembly
- Completed reload, in  2.373 seconds
Platform modules already initialized, skipping
Registering precompiled user dll's ...
Registered in 0.000686 seconds.
Begin MonoManager ReloadAssembly
Native extension for OSXStandalone target not found
Refreshing native plugins compatible for Editor in 47.65 ms, found 1 plugins.
Preloading 0 native plugins for Editor in 0.00 ms.
Mono: successfully reloaded assembly
- Completed reload, in  1.546 seconds
Platform modules already initialized, skipping
========================================================================
Worker process is ready to serve import requests
Launching external process: /Applications/Unity/Unity.app/Contents/Tools/UnityShaderCompiler
Launched and connected shader compiler UnityShaderCompiler after 0.02 seconds
Refreshing native plugins compatible for Editor in 0.47 ms, found 1 plugins.
Preloading 0 native plugins for Editor in 0.00 ms.
Unloading 1932 Unused Serialized files (Serialized files now loaded: 0)
System memory in use before: 143.8 MB.
System memory in use after: 143.8 MB.

Unloading 13 unused Assets to reduce memory usage. Loaded Objects now: 2379.
Total: 3.013855 ms (FindLiveObjects: 0.376696 ms CreateObjectMapping: 0.139561 ms MarkObjects: 2.366836 ms  DeleteObjects: 0.128974 ms)

========================================================================
Received Import Request.
  path: Assets/Prefabs/ReferenceImageLibrary.asset
  artifactKey: Guid(cb398e0fa7e4149e9b55833271e85089) Importer(815301076,1909f56bfc062723c751e8b465ee728b)
Start importing Assets/Prefabs/ReferenceImageLibrary.asset using Guid(cb398e0fa7e4149e9b55833271e85089) Importer(815301076,1909f56bfc062723c751e8b465ee728b)  -> (artifact id: '22661b6ad63642dc015408171cfc6b28') in 1.979404 seconds
  Import took 1.983910 seconds .

========================================================================
Received Prepare
Registering precompiled user dll's ...
Registered in 0.000598 seconds.
Begin MonoManager ReloadAssembly
Native extension for OSXStandalone target not found
Refreshing native plugins compatible for Editor in 0.54 ms, found 1 plugins.
Preloading 0 native plugins for Editor in 0.00 ms.
Mono: successfully reloaded assembly
- Completed reload, in  1.298 seconds
Platform modules already initialized, skipping
Switching build target platform(2) subTarget(0) extendedPlatform(0) -> platform(9) subTarget(16777218) extendedPlatform(0)
Refreshing native plugins compatible for Editor in 0.33 ms, found 1 plugins.
Preloading 0 native plugins for Editor in 0.00 ms.
Unloading 1924 Unused Serialized files (Serialized files now loaded: 0)
System memory in use before: 147.8 MB.
System memory in use after: 147.9 MB.

Unloading 6 unused Assets to reduce memory usage. Loaded Objects now: 2383.
Total: 3.074445 ms (FindLiveObjects: 0.258527 ms CreateObjectMapping: 0.083936 ms MarkObjects: 2.668188 ms  DeleteObjects: 0.062707 ms)

AssetImportParameters requested are different than current active one (requested -> active):
  custom:graphics/normal-map-encoding: 01000000000000000000000000000000 -> 02000000000000000000000000000000
========================================================================
Received Prepare
Refreshing native plugins compatible for Editor in 1.40 ms, found 1 plugins.
Preloading 0 native plugins for Editor in 0.00 ms.
Unloading 3 Unused Serialized files (Serialized files now loaded: 0)
System memory in use before: 110.0 MB.
System memory in use after: 110.1 MB.

Unloading 3 unused Assets to reduce memory usage. Loaded Objects now: 2383.
Total: 19.123384 ms (FindLiveObjects: 0.601427 ms CreateObjectMapping: 0.075656 ms MarkObjects: 18.314753 ms  DeleteObjects: 0.130350 ms)

========================================================================
Received Import Request.
  Time since last request: 1288.224588 seconds.
  path: Assets/Prefabs/ReferenceImageLibrary.asset
  artifactKey: Guid(cb398e0fa7e4149e9b55833271e85089) Importer(815301076,1909f56bfc062723c751e8b465ee728b)
Start importing Assets/Prefabs/ReferenceImageLibrary.asset using Guid(cb398e0fa7e4149e9b55833271e85089) Importer(815301076,1909f56bfc062723c751e8b465ee728b)  -> (artifact id: 'a964ef7ea1267f661e8419128dee4be0') in 0.601978 seconds
  Import took 0.607269 seconds .

========================================================================
Received Import Request.
  Time since last request: 0.487033 seconds.
  path: Assets/Prefabs/ReferenceImageLibrary.asset
  artifactKey: Guid(cb398e0fa7e4149e9b55833271e85089) Importer(815301076,1909f56bfc062723c751e8b465ee728b)
Start importing Assets/Prefabs/ReferenceImageLibrary.asset using Guid(cb398e0fa7e4149e9b55833271e85089) Importer(815301076,1909f56bfc062723c751e8b465ee728b)  -> (artifact id: 'a964ef7ea1267f661e8419128dee4be0') in 0.457405 seconds
  Import took 0.461994 seconds .

========================================================================
Received Prepare
Registering precompiled user dll's ...
Registered in 0.001651 seconds.
Begin MonoManager ReloadAssembly
Native extension for OSXStandalone target not found
Refreshing native plugins compatible for Editor in 0.38 ms, found 1 plugins.
Preloading 0 native plugins for Editor in 0.00 ms.
Mono: successfully reloaded assembly
- Completed reload, in  1.357 seconds
Platform modules already initialized, skipping
Switching build target platform(2) subTarget(0) extendedPlatform(0) -> platform(9) subTarget(16777218) extendedPlatform(0)
Refreshing native plugins compatible for Editor in 0.29 ms, found 1 plugins.
Preloading 0 native plugins for Editor in 0.00 ms.
Unloading 1924 Unused Serialized files (Serialized files now loaded: 0)
System memory in use before: 148.2 MB.
System memory in use after: 148.2 MB.

Unloading 6 unused Assets to reduce memory usage. Loaded Objects now: 2387.
Total: 4.637496 ms (FindLiveObjects: 0.246133 ms CreateObjectMapping: 0.065878 ms MarkObjects: 4.010481 ms  DeleteObjects: 0.313571 ms)

AssetImportParameters requested are different than current active one (requested -> active):
  custom:graphics/normal-map-encoding: 01000000000000000000000000000000 -> 02000000000000000000000000000000
========================================================================
Received Prepare
Refreshing native plugins compatible for Editor in 1.39 ms, found 1 plugins.
Preloading 0 native plugins for Editor in 0.00 ms.
Unloading 3 Unused Serialized files (Serialized files now loaded: 0)
System memory in use before: 110.3 MB.
System memory in use after: 110.4 MB.

Unloading 3 unused Assets to reduce memory usage. Loaded Objects now: 2387.
Total: 3.047359 ms (FindLiveObjects: 0.263453 ms CreateObjectMapping: 0.121440 ms MarkObjects: 2.556261 ms  DeleteObjects: 0.103570 ms)

========================================================================
Received Import Request.
  Time since last request: 1145.977703 seconds.
  path: Assets/Prefabs/ReferenceImageLibrary.asset
  artifactKey: Guid(cb398e0fa7e4149e9b55833271e85089) Importer(815301076,1909f56bfc062723c751e8b465ee728b)
Start importing Assets/Prefabs/ReferenceImageLibrary.asset using Guid(cb398e0fa7e4149e9b55833271e85089) Importer(815301076,1909f56bfc062723c751e8b465ee728b)  -> (artifact id: 'b83cb8cc8bf0e1e2c84ba5a5342c8f3d') in 0.581803 seconds
  Import took 0.640442 seconds .

========================================================================
Received Import Request.
  Time since last request: 0.416176 seconds.
  path: Assets/Prefabs/ReferenceImageLibrary.asset
  artifactKey: Guid(cb398e0fa7e4149e9b55833271e85089) Importer(815301076,1909f56bfc062723c751e8b465ee728b)
Start importing Assets/Prefabs/ReferenceImageLibrary.asset using Guid(cb398e0fa7e4149e9b55833271e85089) Importer(815301076,1909f56bfc062723c751e8b465ee728b)  -> (artifact id: 'b83cb8cc8bf0e1e2c84ba5a5342c8f3d') in 0.470469 seconds
  Import took 0.475892 seconds .

