Using pre-set license

 COMMAND LINE ARGUMENTS:
/Applications/Unity/Hub/Editor/2020.3.6f1/Unity.app/Contents/MacOS/Unity
-adb2
-batchMode
-noUpm
-name
AssetImportWorker0
-projectPath
/Users/sierrawang/CS291a/ARCookingHelper
-logFile
Logs/AssetImportWorker0.log
-srvPort
56796
Successfully changed project path to: /Users/sierrawang/CS291a/ARCookingHelper
/Users/sierrawang/CS291a/ARCookingHelper
Using Asset Import Pipeline V2.
Refreshing native plugins compatible for Editor in 50.05 ms, found 1 plugins.
Preloading 0 native plugins for Editor in 0.00 ms.
Initialize engine version: 2020.3.6f1 (338bb68529b2)
[Subsystems] Discovering subsystems at path /Applications/Unity/Hub/Editor/2020.3.6f1/Unity.app/Contents/Resources/UnitySubsystems
[Subsystems] Discovering subsystems at path /Users/sierrawang/CS291a/ARCookingHelper/Assets
GfxDevice: creating device client; threaded=0
2021-05-29 14:22:53.857 Unity[5528:4302257] Color LCD preferred device: Intel Iris Pro Graphics (low power)
2021-05-29 14:22:53.857 Unity[5528:4302257] Metal devices available: 2
2021-05-29 14:22:53.857 Unity[5528:4302257] 0: NVIDIA GeForce GT 750M (high power)
2021-05-29 14:22:53.857 Unity[5528:4302257] 1: Intel Iris Pro Graphics (low power)
2021-05-29 14:22:53.858 Unity[5528:4302257] Using device NVIDIA GeForce GT 750M (high power)
Initializing Metal device caps: NVIDIA GeForce GT 750M
Initialize mono
Mono path[0] = '/Applications/Unity/Hub/Editor/2020.3.6f1/Unity.app/Contents/Managed'
Mono path[1] = '/Applications/Unity/Hub/Editor/2020.3.6f1/Unity.app/Contents/MonoBleedingEdge/lib/mono/unityjit'
Mono config path = '/Applications/Unity/Hub/Editor/2020.3.6f1/Unity.app/Contents/MonoBleedingEdge/etc'
Using monoOptions --debugger-agent=transport=dt_socket,embedding=1,server=y,suspend=n,address=127.0.0.1:56528
Begin MonoManager ReloadAssembly
Registering precompiled unity dll's ...
Register platform support module: /Applications/Unity/Hub/Editor/2020.3.6f1/Unity.app/Contents/PlaybackEngines/MacStandaloneSupport/UnityEditor.OSXStandalone.Extensions.dll
Registered in 0.002814 seconds.
Native extension for OSXStandalone target not found
Refreshing native plugins compatible for Editor in 43.04 ms, found 1 plugins.
Preloading 0 native plugins for Editor in 0.00 ms.
Mono: successfully reloaded assembly
- Completed reload, in  7.765 seconds
Platform modules already initialized, skipping
Registering precompiled user dll's ...
Registered in 0.006143 seconds.
Begin MonoManager ReloadAssembly
Native extension for OSXStandalone target not found
Refreshing native plugins compatible for Editor in 44.90 ms, found 1 plugins.
Preloading 0 native plugins for Editor in 0.00 ms.
Mono: successfully reloaded assembly
- Completed reload, in  1.517 seconds
Platform modules already initialized, skipping
========================================================================
Worker process is ready to serve import requests
Launching external process: /Applications/Unity/Hub/Editor/2020.3.6f1/Unity.app/Contents/Tools/UnityShaderCompiler
Launched and connected shader compiler UnityShaderCompiler after 0.18 seconds
Refreshing native plugins compatible for Editor in 0.64 ms, found 1 plugins.
Preloading 0 native plugins for Editor in 0.00 ms.
Unloading 1955 Unused Serialized files (Serialized files now loaded: 0)
System memory in use before: 152.4 MB.
System memory in use after: 152.4 MB.

Unloading 17 unused Assets to reduce memory usage. Loaded Objects now: 2399.
Total: 3.015577 ms (FindLiveObjects: 0.286640 ms CreateObjectMapping: 0.085216 ms MarkObjects: 2.530963 ms  DeleteObjects: 0.111200 ms)

========================================================================
Received Import Request.
  path: Assets/Prefabs/ReferenceImageLibrary.asset
  artifactKey: Guid(cb398e0fa7e4149e9b55833271e85089) Importer(815301076,1909f56bfc062723c751e8b465ee728b)
Start importing Assets/Prefabs/ReferenceImageLibrary.asset using Guid(cb398e0fa7e4149e9b55833271e85089) Importer(815301076,1909f56bfc062723c751e8b465ee728b)  -> (artifact id: '10c67a38bc36d16505f62e5af55e7403') in 3.023895 seconds
  Import took 3.029786 seconds .

========================================================================
Received Prepare
Refreshing native plugins compatible for Editor in 3.07 ms, found 1 plugins.
Preloading 0 native plugins for Editor in 0.00 ms.
Unloading 7 Unused Serialized files (Serialized files now loaded: 0)
System memory in use before: 118.2 MB.
System memory in use after: 118.3 MB.

Unloading 7 unused Assets to reduce memory usage. Loaded Objects now: 2399.
Total: 3.411550 ms (FindLiveObjects: 0.355176 ms CreateObjectMapping: 0.121471 ms MarkObjects: 2.861001 ms  DeleteObjects: 0.072641 ms)

